<?xml version="1.0" encoding="UTF-8"?>
<!-- Generated by org.testng.reporters.JUnitReportReporter -->
<testsuite skipped="0" hostname="DESKTOP-TV7DPT6" name="tests.TC_Demo" tests="1" failures="0" timestamp="2020-03-20T11:28:59 IST" time="30.219" errors="0">
  <testcase name="LaunchDemo" time="30.219" classname="tests.TC_Demo"/>
  <system-out/>
</testsuite> <!-- tests.TC_Demo -->
