<?xml version="1.0" encoding="UTF-8"?>
<!-- Generated by org.testng.reporters.JUnitReportReporter -->
<testsuite skipped="0" hostname="DESKTOP-TV7DPT6" name="tests.IterateListElements" tests="1" failures="0" timestamp="2020-10-13T16:39:30 IST" time="1.248" errors="0">
  <testcase name="iterateElements" time="1.248" classname="tests.IterateListElements"/>
  <system-out/>
</testsuite> <!-- tests.IterateListElements -->
