<?xml version="1.0" encoding="UTF-8"?>
<!-- Generated by org.testng.reporters.JUnitReportReporter -->
<testsuite skipped="0" hostname="DESKTOP-TV7DPT6" name="tests.Testing_Class" tests="4" failures="0" timestamp="2020-09-14T16:10:41 IST" time="79.882" errors="0">
  <testcase name="dashBoardOption" time="72.476" classname="tests.Testing_Class"/>
  <system-out>
Login Successfully. Clicked on dashborad option  </system-out>
  <testcase name="first_form" time="4.079" classname="tests.Testing_Class"/>
  <system-out/>
  <testcase name="second_form" time="3.160" classname="tests.Testing_Class"/>
  <system-out/>
  <testcase name="third_form" time="0.167" classname="tests.Testing_Class"/>
  <system-out/>
</testsuite> <!-- tests.Testing_Class -->
