<?xml version="1.0" encoding="UTF-8"?>
<!-- Generated by org.testng.reporters.JUnitReportReporter -->
<testsuite skipped="0" hostname="DESKTOP-TV7DPT6" name="StackOverflow.Question07102020" tests="1" failures="0" timestamp="2020-10-13T15:25:37 IST" time="16.978" errors="0">
  <testcase name="printDataTable" time="16.978" classname="StackOverflow.Question07102020"/>
  <system-out/>
</testsuite> <!-- StackOverflow.Question07102020 -->
