<?xml version="1.0" encoding="UTF-8"?>
<!-- Generated by org.testng.reporters.JUnitReportReporter -->
<testsuite skipped="0" hostname="DESKTOP-TV7DPT6" name="tests.landingPage_TC" tests="1" failures="0" timestamp="2020-09-07T13:08:29 IST" time="16.732" errors="0">
  <testcase name="clickOnDropZone" time="16.732" classname="tests.landingPage_TC"/>
  <system-out/>
</testsuite> <!-- tests.landingPage_TC -->
