<?xml version="1.0" encoding="UTF-8"?>
<!-- Generated by org.testng.reporters.JUnitReportReporter -->
<testsuite skipped="0" hostname="DESKTOP-TV7DPT6" name="tests.Dashboard_TC" tests="1" failures="0" timestamp="2020-09-09T15:28:49 IST" time="76.311" errors="0">
  <testcase name="dashBoardOption" time="76.311" classname="tests.Dashboard_TC"/>
  <system-out>
Login Successfully. Clicked on dashborad option  </system-out>
</testsuite> <!-- tests.Dashboard_TC -->
