<?xml version="1.0" encoding="UTF-8"?>
<!-- Generated by org.testng.reporters.JUnitReportReporter -->
<testsuite skipped="0" hostname="DESKTOP-TV7DPT6" name="StackOverflow.Question11232020" tests="1" failures="0" timestamp="2020-11-23T11:03:16 IST" time="10.466" errors="0">
  <testcase name="selectOprtions" time="10.466" classname="StackOverflow.Question11232020"/>
  <system-out/>
</testsuite> <!-- StackOverflow.Question11232020 -->
