<?xml version="1.0" encoding="UTF-8"?>
<!-- Generated by org.testng.reporters.JUnitReportReporter -->
<testsuite skipped="0" hostname="DESKTOP-TV7DPT6" name="StackOverflow.Question01112021" tests="1" failures="0" timestamp="2021-01-11T11:24:22 IST" time="0.169" errors="0">
  <testcase name="StackQuestion" time="0.169" classname="StackOverflow.Question01112021"/>
  <system-out/>
</testsuite> <!-- StackOverflow.Question01112021 -->
