<?xml version="1.0" encoding="UTF-8"?>
<!-- Generated by org.testng.reporters.JUnitReportReporter -->
<testsuite skipped="0" hostname="DESKTOP-TV7DPT6" name="tests.TestingLinks" tests="1" failures="0" timestamp="2020-10-15T15:57:33 IST" time="32.528" errors="0">
  <testcase name="fetchLinks" time="32.528" classname="tests.TestingLinks"/>
  <system-out/>
</testsuite> <!-- tests.TestingLinks -->
